-------------------------- Configuration --------------------------
[main] :: 
	[http] :: 
		(allowed_method) : GET POST DELETE 
		(autoindex) : off 
		(client_max_body_size) : 1M 
		(index) : index.html index.htm index.php 
		(root) : /var/www/html 
		[server] :: 
			(allowed_method) : GET POST DELETE 
			(autoindex) : off 
			(client_max_body_size) : 1M 
			(host) : 0.0.0.0 
			(index) : index.html index.htm index.php 
			(name) : 1337.ma www.1337.ma 
			(port) : 8080 
			(root) : /var/www/html 
			[location] :: / 
				(allowed_method) : GET POST DELETE 
				(autoindex) : on 
				(cgi) : .php .py 
				(client_max_body_size) : 1M 
				(host) : 0.0.0.0 
				(index) : index.html 
				(name) : 1337.ma www.1337.ma 
				(port) : 8080 
				(root) : /Users/mannouao/Desktop/WebServ/www 
-------------------------- new Server --------------------------
ai_flags: 0
ai_family: 2
ai_socktype: 1
ai_protocol: 6
ai_addrlen: 16
ai_canonname: null
ai_addr: 
	sin_len: 16
	sin_family: 2
	sin_port: 8080
	sin_addr: 0.0.0.0
	sin_zero: [8]
ai_next: 0
-------------------------- new Client --------------------------
client type: USER_CLIENT
ai_addr: 
	sin_len: 16
	sin_family: 2
	sin_port: 51086
	sin_addr: 127.0.0.1
	sin_zero: [8]
connected to: 
ai_addr: 
	sin_len: 16
	sin_family: 2
	sin_port: 8080
	sin_addr: 0.0.0.0
	sin_zero: [8]
-------------------------- client disconnected --------------------------
client type: USER_CLIENT
ai_addr: 
	sin_len: 16
	sin_family: 2
	sin_port: 51086
	sin_addr: 127.0.0.1
	sin_zero: [8]
-------------------------- new Client --------------------------
client type: USER_CLIENT
ai_addr: 
	sin_len: 16
	sin_family: 2
	sin_port: 51093
	sin_addr: 127.0.0.1
	sin_zero: [8]
connected to: 
ai_addr: 
	sin_len: 16
	sin_family: 2
	sin_port: 8080
	sin_addr: 0.0.0.0
	sin_zero: [8]
-------------------------- client disconnected --------------------------
client type: USER_CLIENT
ai_addr: 
	sin_len: 16
	sin_family: 2
	sin_port: 51093
	sin_addr: 127.0.0.1
	sin_zero: [8]
-------------------------- Leaks --------------------------
